<?xml version="1.0" encoding="UTF-8"?>
<!-- Generated by org.testng.reporters.JUnitReportReporter -->
<testsuite hostname="LAPTOP-CNPB3TNK" failures="0" tests="2" name="com.spree.Create_Delete_An_Address" time="2.076" errors="0" timestamp="2024-03-14T13:18:22 IST" skipped="0">
  <testcase classname="com.spree.Create_Delete_An_Address" name="createAddress" time="1.176"/>
  <system-out/>
  <testcase classname="com.spree.Create_Delete_An_Address" name="deleteAddress" time="0.900"/>
  <system-out/>
</testsuite> <!-- com.spree.Create_Delete_An_Address -->
