<?xml version="1.0" encoding="UTF-8"?>
<!-- Generated by org.testng.reporters.JUnitReportReporter -->
<testsuite hostname="LAPTOP-CNPB3TNK" failures="0" tests="1" name="com.Base64.tests.Base64_API_Example" time="2.194" errors="0" timestamp="2024-03-14T11:44:46 IST" skipped="0">
  <testcase classname="com.Base64.tests.Base64_API_Example" name="GET_GetDefaultCountry" time="2.194"/>
  <system-out/>
</testsuite> <!-- com.Base64.tests.Base64_API_Example -->
