<?xml version="1.0" encoding="UTF-8"?>
<!-- Generated by org.testng.reporters.JUnitReportReporter -->
<testsuite hostname="LAPTOP-CNPB3TNK" failures="0" tests="1" name="com.spree.Create_An_Address_Using_File" time="1.183" errors="0" timestamp="2024-03-14T13:07:12 IST" skipped="0">
  <testcase classname="com.spree.Create_An_Address_Using_File" name="CreateAddress" time="1.183"/>
  <system-out/>
</testsuite> <!-- com.spree.Create_An_Address_Using_File -->
