<?xml version="1.0" encoding="UTF-8"?>
<!-- Generated by org.testng.reporters.JUnitReportReporter -->
<testsuite hostname="LAPTOP-CNPB3TNK" failures="0" tests="1" name="com.Base64.tests.Base64_Example" time="1.892" errors="0" timestamp="2024-03-14T11:41:21 IST" skipped="0">
  <testcase classname="com.Base64.tests.Base64_Example" name="iShouldGetCode" time="1.892"/>
  <system-out/>
</testsuite> <!-- com.Base64.tests.Base64_Example -->
