<?xml version="1.0" encoding="UTF-8"?>
<!-- Generated by org.testng.reporters.JUnitReportReporter -->
<testsuite hostname="LAPTOP-CNPB3TNK" failures="0" tests="2" name="com.spree.Create_an_Address_also_Update_An_Address_Using_File" time="3.290" errors="0" timestamp="2024-03-14T13:02:44 IST" skipped="0">
  <testcase classname="com.spree.Create_an_Address_also_Update_An_Address_Using_File" name="Create_Address" time="1.265"/>
  <system-out/>
  <testcase classname="com.spree.Create_an_Address_also_Update_An_Address_Using_File" name="Update_Address" time="2.025"/>
  <system-out/>
</testsuite> <!-- com.spree.Create_an_Address_also_Update_An_Address_Using_File -->
