<?xml version="1.0" encoding="UTF-8"?>
<!-- Generated by org.testng.reporters.JUnitReportReporter -->
<testsuite hostname="LAPTOP-CNPB3TNK" failures="0" tests="1" name="com.spree.Get_Default_Country" time="1.941" errors="0" timestamp="2024-03-15T09:53:50 IST" skipped="0">
  <testcase classname="com.spree.Get_Default_Country" name="GET_GetDefaultCountry" time="1.941"/>
  <system-out/>
</testsuite> <!-- com.spree.Get_Default_Country -->
