<?xml version="1.0" encoding="UTF-8"?>
<!-- Generated by org.testng.reporters.JUnitReportReporter -->
<testsuite hostname="LAPTOP-CNPB3TNK" failures="0" tests="1" name="com.spree.Create_Refresh_Token" time="1.339" errors="0" timestamp="2024-03-15T09:53:50 IST" skipped="0">
  <testcase classname="com.spree.Create_Refresh_Token" name="oAuth_Token" time="1.339"/>
  <system-out/>
</testsuite> <!-- com.spree.Create_Refresh_Token -->
