<?xml version="1.0" encoding="UTF-8"?>
<!-- Generated by org.testng.reporters.JUnitReportReporter -->
<testsuite hostname="LAPTOP-CNPB3TNK" failures="0" tests="2" name="com.graphql.tests.GraphQL_QueryTest" time="3.054" errors="0" timestamp="2024-03-14T14:36:26 IST" skipped="0">
  <testcase classname="com.graphql.tests.GraphQL_QueryTest" name="getAllFilmsTest" time="2.145"/>
  <system-out/>
  <testcase classname="com.graphql.tests.GraphQL_QueryTest" name="postPokemonAPI" time="0.909"/>
  <system-out/>
</testsuite> <!-- com.graphql.tests.GraphQL_QueryTest -->
