<?xml version="1.0" encoding="UTF-8"?>
<!-- Generated by org.testng.reporters.JUnitReportReporter -->
<testsuite hostname="LAPTOP-CNPB3TNK" failures="0" tests="1" name="com.spree.Get_Default_Country" time="1.857" errors="0" timestamp="15 Mar 2024 04:39:30 GMT">
  <testcase classname="com.spree.Get_Default_Country" name="GET_GetDefaultCountry" time="1.857"/>
</testsuite> <!-- com.spree.Get_Default_Country -->
