<?xml version="1.0" encoding="UTF-8"?>
<!-- Generated by org.testng.reporters.JUnitReportReporter -->
<testsuite hostname="LAPTOP-CNPB3TNK" failures="0" tests="1" name="com.spree.Create_Refresh_Token" time="1.421" errors="0" timestamp="15 Mar 2024 04:39:30 GMT">
  <testcase classname="com.spree.Create_Refresh_Token" name="oAuth_Token" time="1.421"/>
</testsuite> <!-- com.spree.Create_Refresh_Token -->
